<?xml version="1.0" encoding="utf-8" standalone="no"?>
<test-results xmlns:xsi="http://www.w3.org/2001/XMLSchema-instance" xsi:noNamespaceSchemaLocation="nunit_schema_2.5.xsd" name="Pester" total="102" errors="0" failures="2" not-run="0" inconclusive="0" ignored="0" skipped="0" invalid="0" date="2020-08-09" time="15:43:40">
  <environment clr-version="4.0.30319.42000" user-domain="HOME" cwd="C:\Users\marcin\Documents\WindowsPowerShell\Modules\dbachecks\2.0.4\checks" platform="Microsoft Windows 10 Pro|C:\WINDOWS|\Device\Harddisk0\Partition3" machine-name="DELL-LATITUDE" nunit-version="2.5.8.0" os-version="10.0.19041" user="marcin" />
  <culture-info current-culture="en-GB" current-uiculture="en-US" />
  <test-suite type="TestFixture" name="Pester" executed="True" result="Failure" success="False" time="40.1561" asserts="0" description="Pester">
    <results>
      <test-suite type="TestFixture" name="C:\Users\marcin\Documents\WindowsPowerShell\Modules\dbachecks\2.0.4\checks\Agent.Tests.ps1" executed="True" result="Failure" success="False" time="6.8437" asserts="0" description="C:\Users\marcin\Documents\WindowsPowerShell\Modules\dbachecks\2.0.4\checks\Agent.Tests.ps1">
        <results>
          <test-suite type="TestFixture" name="Failed Jobs" executed="True" result="Failure" success="False" time="6.4842" asserts="0" description="Failed Jobs">
            <results>
              <test-suite type="TestFixture" name="Checking for failed enabled jobs since 07/10/2020 15:43:00 on sqlwatch-test-1" executed="True" result="Failure" success="False" time="6.4478" asserts="0" description="Checking for failed enabled jobs since 07/10/2020 15:43:00 on sqlwatch-test-1">
                <results>
                  <test-case description="SQLWATCH-INTERNAL-ACTIONS's last run outcome is Succeeded on SQLWATCH-TEST-1" name="Failed Jobs.Checking for failed enabled jobs since 07/10/2020 15:43:00 on sqlwatch-test-1.SQLWATCH-INTERNAL-ACTIONS's last run outcome is Succeeded on SQLWATCH-TEST-1" time="0.0021" asserts="0" success="True" result="Success" executed="True" />
                  <test-case description="SQLWATCH-INTERNAL-CHECKS's last run outcome is Succeeded on SQLWATCH-TEST-1" name="Failed Jobs.Checking for failed enabled jobs since 07/10/2020 15:43:00 on sqlwatch-test-1.SQLWATCH-INTERNAL-CHECKS's last run outcome is Succeeded on SQLWATCH-TEST-1" time="0.0052" asserts="0" success="True" result="Success" executed="True" />
                  <test-case description="SQLWATCH-INTERNAL-CONFIG's last run outcome is Succeeded on SQLWATCH-TEST-1" name="Failed Jobs.Checking for failed enabled jobs since 07/10/2020 15:43:00 on sqlwatch-test-1.SQLWATCH-INTERNAL-CONFIG's last run outcome is Succeeded on SQLWATCH-TEST-1" time="0.0093" asserts="0" success="True" result="Success" executed="True" />
                  <test-case description="SQLWATCH-INTERNAL-RETENTION's last run outcome is Succeeded on SQLWATCH-TEST-1" name="Failed Jobs.Checking for failed enabled jobs since 07/10/2020 15:43:00 on sqlwatch-test-1.SQLWATCH-INTERNAL-RETENTION's last run outcome is Succeeded on SQLWATCH-TEST-1" time="0.0021" asserts="0" success="True" result="Success" executed="True" />
                  <test-case description="SQLWATCH-INTERNAL-TRENDS's last run outcome is Succeeded on SQLWATCH-TEST-1" name="Failed Jobs.Checking for failed enabled jobs since 07/10/2020 15:43:00 on sqlwatch-test-1.SQLWATCH-INTERNAL-TRENDS's last run outcome is Succeeded on SQLWATCH-TEST-1" time="0.0024" asserts="0" success="True" result="Success" executed="True" />
                  <test-case description="SQLWATCH-LOGGER-AGENT-HISTORY's last run outcome is Succeeded on SQLWATCH-TEST-1" name="Failed Jobs.Checking for failed enabled jobs since 07/10/2020 15:43:00 on sqlwatch-test-1.SQLWATCH-LOGGER-AGENT-HISTORY's last run outcome is Succeeded on SQLWATCH-TEST-1" time="0.0025" asserts="0" success="True" result="Success" executed="True" />
                  <test-case description="SQLWATCH-LOGGER-DISK-UTILISATION's last run outcome is Succeeded on SQLWATCH-TEST-1" name="Failed Jobs.Checking for failed enabled jobs since 07/10/2020 15:43:00 on sqlwatch-test-1.SQLWATCH-LOGGER-DISK-UTILISATION's last run outcome is Succeeded on SQLWATCH-TEST-1" time="0.0021" asserts="0" success="True" result="Success" executed="True" />
                  <test-case description="SQLWATCH-LOGGER-INDEXES's last run outcome is Succeeded on SQLWATCH-TEST-1" name="Failed Jobs.Checking for failed enabled jobs since 07/10/2020 15:43:00 on sqlwatch-test-1.SQLWATCH-LOGGER-INDEXES's last run outcome is Succeeded on SQLWATCH-TEST-1" time="0.0024" asserts="0" success="True" result="Success" executed="True" />
                  <test-case description="SQLWATCH-LOGGER-PERFORMANCE's last run outcome is Succeeded on SQLWATCH-TEST-1" name="Failed Jobs.Checking for failed enabled jobs since 07/10/2020 15:43:00 on sqlwatch-test-1.SQLWATCH-LOGGER-PERFORMANCE's last run outcome is Succeeded on SQLWATCH-TEST-1" time="0.0024" asserts="0" success="True" result="Success" executed="True" />
                  <test-case description="SQLWATCH-LOGGER-SYSCONFIG's last run outcome is Succeeded on SQLWATCH-TEST-1" name="Failed Jobs.Checking for failed enabled jobs since 07/10/2020 15:43:00 on sqlwatch-test-1.SQLWATCH-LOGGER-SYSCONFIG's last run outcome is Succeeded on SQLWATCH-TEST-1" time="0.0019" asserts="0" success="True" result="Success" executed="True" />
                  <test-case description="SQLWATCH-REPORT-AZMONITOR's last run outcome is Failed on SQLWATCH-TEST-1" name="Failed Jobs.Checking for failed enabled jobs since 07/10/2020 15:43:00 on sqlwatch-test-1.SQLWATCH-REPORT-AZMONITOR's last run outcome is Failed on SQLWATCH-TEST-1" time="0.0042" asserts="0" success="False" result="Failure" executed="True">
                    <failure>
                      <message>Expected 'Succeeded', because All Agent Jobs should have succeed - you need to investigate the failed jobs, but got Failed.</message>
                      <stack-trace>at &lt;ScriptBlock&gt;, C:\Users\marcin\Documents\WindowsPowerShell\Modules\dbachecks\2.0.4\checks\Agent.Tests.ps1: line 171
171:                                         $psitem.LastRunOutcome | Should -Be "Succeeded" -Because 'All Agent Jobs should have succeed - you need to investigate the failed jobs'</stack-trace>
                    </failure>
                  </test-case>
                  <test-case description="StackOverflow_Blocker's last run outcome is Succeeded on SQLWATCH-TEST-1" name="Failed Jobs.Checking for failed enabled jobs since 07/10/2020 15:43:00 on sqlwatch-test-1.StackOverflow_Blocker's last run outcome is Succeeded on SQLWATCH-TEST-1" time="0.002" asserts="0" success="True" result="Success" executed="True" />
                  <test-case description="StackOverflow-RandomQ_1's last run outcome is Succeeded on SQLWATCH-TEST-1" name="Failed Jobs.Checking for failed enabled jobs since 07/10/2020 15:43:00 on sqlwatch-test-1.StackOverflow-RandomQ_1's last run outcome is Succeeded on SQLWATCH-TEST-1" time="0.0032" asserts="0" success="True" result="Success" executed="True" />
                  <test-case description="StackOverflow-RandomQ_2's last run outcome is Succeeded on SQLWATCH-TEST-1" name="Failed Jobs.Checking for failed enabled jobs since 07/10/2020 15:43:00 on sqlwatch-test-1.StackOverflow-RandomQ_2's last run outcome is Succeeded on SQLWATCH-TEST-1" time="0.0023" asserts="0" success="True" result="Success" executed="True" />
                  <test-case description="StackOverflow-RandomQ_3's last run outcome is Succeeded on SQLWATCH-TEST-1" name="Failed Jobs.Checking for failed enabled jobs since 07/10/2020 15:43:00 on sqlwatch-test-1.StackOverflow-RandomQ_3's last run outcome is Succeeded on SQLWATCH-TEST-1" time="0.0021" asserts="0" success="True" result="Success" executed="True" />
                  <test-case description="syspolicy_purge_history's last run outcome is Succeeded on SQLWATCH-TEST-1" name="Failed Jobs.Checking for failed enabled jobs since 07/10/2020 15:43:00 on sqlwatch-test-1.syspolicy_purge_history's last run outcome is Succeeded on SQLWATCH-TEST-1" time="0.0049" asserts="0" success="True" result="Success" executed="True" />
                </results>
              </test-suite>
            </results>
          </test-suite>
        </results>
      </test-suite>
      <test-suite type="TestFixture" name="C:\Users\marcin\Documents\WindowsPowerShell\Modules\dbachecks\2.0.4\checks\Database.Tests.ps1" executed="True" result="Failure" success="False" time="33.3124" asserts="0" description="C:\Users\marcin\Documents\WindowsPowerShell\Modules\dbachecks\2.0.4\checks\Database.Tests.ps1">
        <results>
          <test-suite type="TestFixture" name="Duplicate Index" executed="True" result="Success" success="True" time="1.0445" asserts="0" description="Duplicate Index">
            <results>
              <test-suite type="TestFixture" name="Testing duplicate indexes on sqlwatch-test-1" executed="True" result="Success" success="True" time="1.0177" asserts="0" description="Testing duplicate indexes on sqlwatch-test-1">
                <results>
                  <test-case description="Database SQLWATCH should return 0 duplicate indexes on sqlwatch-test-1" name="Duplicate Index.Testing duplicate indexes on sqlwatch-test-1.Database SQLWATCH should return 0 duplicate indexes on sqlwatch-test-1" time="0.5887" asserts="0" success="True" result="Success" executed="True" />
                </results>
              </test-suite>
            </results>
          </test-suite>
          <test-suite type="TestFixture" name="Unused Index" executed="True" result="Failure" success="False" time="0.527" asserts="0" description="Unused Index">
            <results>
              <test-suite type="TestFixture" name="Testing Unused indexes on sqlwatch-test-1" executed="True" result="Failure" success="False" time="0.504" asserts="0" description="Testing Unused indexes on sqlwatch-test-1">
                <results>
                  <test-case description="Database The SQL Service on sqlwatch-test-1 was restarted on 08/09/2020 10:36:15, which is not long enough for a solid evaluation. should return 0 Unused indexes on " name="Unused Index.Testing Unused indexes on sqlwatch-test-1.Database The SQL Service on sqlwatch-test-1 was restarted on 08/09/2020 10:36:15, which is not long enough for a solid evaluation. should return 0 Unused indexes on " time="0" asserts="0" success="False" result="Failure" executed="True">
                    <failure>
                      <message>The test failed because the test was executed in Strict mode and the result 'Skipped' was translated to Failed.</message>
                      <stack-trace />
                    </failure>
                  </test-case>
                </results>
              </test-suite>
            </results>
          </test-suite>
          <test-suite type="TestFixture" name="Disabled Index" executed="True" result="Success" success="True" time="0.2197" asserts="0" description="Disabled Index">
            <results>
              <test-suite type="TestFixture" name="Testing Disabled indexes on sqlwatch-test-1" executed="True" result="Success" success="True" time="0.1936" asserts="0" description="Testing Disabled indexes on sqlwatch-test-1">
                <results>
                  <test-case description="Database SQLWATCH should return 0 Disabled indexes on sqlwatch-test-1" name="Disabled Index.Testing Disabled indexes on sqlwatch-test-1.Database SQLWATCH should return 0 Disabled indexes on sqlwatch-test-1" time="0.0022" asserts="0" success="True" result="Success" executed="True" />
                </results>
              </test-suite>
            </results>
          </test-suite>
          <test-suite type="TestFixture" name="Foreign keys and check constraints not trusted" executed="True" result="Success" success="True" time="31.1838" asserts="0" description="Foreign keys and check constraints not trusted">
            <results>
              <test-suite type="TestFixture" name="Testing Foreign Keys and Check Constraints are not trusted sqlwatch-test-1" executed="True" result="Success" success="True" time="31.1583" asserts="0" description="Testing Foreign Keys and Check Constraints are not trusted sqlwatch-test-1">
                <results>
                  <test-case description="Database SQLWATCH Foreign Key fk_sqlwatch_sys_log on table [dbo].[sqlwatch_app_log] should be trusted on SQLWATCH-TEST-1" name="Foreign keys and check constraints not trusted.Testing Foreign Keys and Check Constraints are not trusted sqlwatch-test-1.Database SQLWATCH Foreign Key fk_sqlwatch_sys_log on table [dbo].[sqlwatch_app_log] should be trusted on SQLWATCH-TEST-1" time="0.0021" asserts="0" success="True" result="Success" executed="True" />
                  <test-case description="Database SQLWATCH Foreign Key fk_sqlwatch_config_action_report on table [dbo].[sqlwatch_config_action] should be trusted on SQLWATCH-TEST-1" name="Foreign keys and check constraints not trusted.Testing Foreign Keys and Check Constraints are not trusted sqlwatch-test-1.Database SQLWATCH Foreign Key fk_sqlwatch_config_action_report on table [dbo].[sqlwatch_config_action] should be trusted on SQLWATCH-TEST-1" time="0.0039" asserts="0" success="True" result="Success" executed="True" />
                  <test-case description="Database SQLWATCH Foreign Key fk_sqlwatch_config_check_action_action on table [dbo].[sqlwatch_config_check_action] should be trusted on SQLWATCH-TEST-1" name="Foreign keys and check constraints not trusted.Testing Foreign Keys and Check Constraints are not trusted sqlwatch-test-1.Database SQLWATCH Foreign Key fk_sqlwatch_config_check_action_action on table [dbo].[sqlwatch_config_check_action] should be trusted on SQLWATCH-TEST-1" time="0.002" asserts="0" success="True" result="Success" executed="True" />
                  <test-case description="Database SQLWATCH Foreign Key fk_sqlwatch_config_check_action_check on table [dbo].[sqlwatch_config_check_action] should be trusted on SQLWATCH-TEST-1" name="Foreign keys and check constraints not trusted.Testing Foreign Keys and Check Constraints are not trusted sqlwatch-test-1.Database SQLWATCH Foreign Key fk_sqlwatch_config_check_action_check on table [dbo].[sqlwatch_config_check_action] should be trusted on SQLWATCH-TEST-1" time="0.0018" asserts="0" success="True" result="Success" executed="True" />
                  <test-case description="Database SQLWATCH Foreign Key fk_sqlwatch_config_check_action_template on table [dbo].[sqlwatch_config_check_action] should be trusted on SQLWATCH-TEST-1" name="Foreign keys and check constraints not trusted.Testing Foreign Keys and Check Constraints are not trusted sqlwatch-test-1.Database SQLWATCH Foreign Key fk_sqlwatch_config_check_action_template on table [dbo].[sqlwatch_config_check_action] should be trusted on SQLWATCH-TEST-1" time="0.0018" asserts="0" success="True" result="Success" executed="True" />
                  <test-case description="Database SQLWATCH Foreign Key fk_sqlwatch_config_logger_exclude_database_snapshot_type on table [dbo].[sqlwatch_config_exclude_database] should be trusted on SQLWATCH-TEST-1" name="Foreign keys and check constraints not trusted.Testing Foreign Keys and Check Constraints are not trusted sqlwatch-test-1.Database SQLWATCH Foreign Key fk_sqlwatch_config_logger_exclude_database_snapshot_type on table [dbo].[sqlwatch_config_exclude_database] should be trusted on SQLWATCH-TEST-1" time="0.0018" asserts="0" success="True" result="Success" executed="True" />
                  <test-case description="Database SQLWATCH Foreign Key fk_sqlwatch_config_report_style on table [dbo].[sqlwatch_config_report] should be trusted on SQLWATCH-TEST-1" name="Foreign keys and check constraints not trusted.Testing Foreign Keys and Check Constraints are not trusted sqlwatch-test-1.Database SQLWATCH Foreign Key fk_sqlwatch_config_report_style on table [dbo].[sqlwatch_config_report] should be trusted on SQLWATCH-TEST-1" time="0.0039" asserts="0" success="True" result="Success" executed="True" />
                  <test-case description="Database SQLWATCH Foreign Key fk_sqlwatch_config_report_action_action on table [dbo].[sqlwatch_config_report_action] should be trusted on SQLWATCH-TEST-1" name="Foreign keys and check constraints not trusted.Testing Foreign Keys and Check Constraints are not trusted sqlwatch-test-1.Database SQLWATCH Foreign Key fk_sqlwatch_config_report_action_action on table [dbo].[sqlwatch_config_report_action] should be trusted on SQLWATCH-TEST-1" time="0.0018" asserts="0" success="True" result="Success" executed="True" />
                  <test-case description="Database SQLWATCH Foreign Key fk_sqlwatch_config_report_action_report on table [dbo].[sqlwatch_config_report_action] should be trusted on SQLWATCH-TEST-1" name="Foreign keys and check constraints not trusted.Testing Foreign Keys and Check Constraints are not trusted sqlwatch-test-1.Database SQLWATCH Foreign Key fk_sqlwatch_config_report_action_report on table [dbo].[sqlwatch_config_report_action] should be trusted on SQLWATCH-TEST-1" time="0.0018" asserts="0" success="True" result="Success" executed="True" />
                  <test-case description="Database SQLWATCH Foreign Key fk_sqlwatch_logger_agent_job_history_job on table [dbo].[sqlwatch_logger_agent_job_history] should be trusted on SQLWATCH-TEST-1" name="Foreign keys and check constraints not trusted.Testing Foreign Keys and Check Constraints are not trusted sqlwatch-test-1.Database SQLWATCH Foreign Key fk_sqlwatch_logger_agent_job_history_job on table [dbo].[sqlwatch_logger_agent_job_history] should be trusted on SQLWATCH-TEST-1" time="0.0017" asserts="0" success="True" result="Success" executed="True" />
                  <test-case description="Database SQLWATCH Foreign Key fk_sqlwatch_logger_agent_job_history_snapshot_header on table [dbo].[sqlwatch_logger_agent_job_history] should be trusted on SQLWATCH-TEST-1" name="Foreign keys and check constraints not trusted.Testing Foreign Keys and Check Constraints are not trusted sqlwatch-test-1.Database SQLWATCH Foreign Key fk_sqlwatch_logger_agent_job_history_snapshot_header on table [dbo].[sqlwatch_logger_agent_job_history] should be trusted on SQLWATCH-TEST-1" time="0.0018" asserts="0" success="True" result="Success" executed="True" />
                  <test-case description="Database SQLWATCH Foreign Key fk_sqlwatch_logger_check_header on table [dbo].[sqlwatch_logger_check] should be trusted on SQLWATCH-TEST-1" name="Foreign keys and check constraints not trusted.Testing Foreign Keys and Check Constraints are not trusted sqlwatch-test-1.Database SQLWATCH Foreign Key fk_sqlwatch_logger_check_header on table [dbo].[sqlwatch_logger_check] should be trusted on SQLWATCH-TEST-1" time="0.0019" asserts="0" success="True" result="Success" executed="True" />
                  <test-case description="Database SQLWATCH Foreign Key fk_sqlwatch_meta_check on table [dbo].[sqlwatch_logger_check] should be trusted on SQLWATCH-TEST-1" name="Foreign keys and check constraints not trusted.Testing Foreign Keys and Check Constraints are not trusted sqlwatch-test-1.Database SQLWATCH Foreign Key fk_sqlwatch_meta_check on table [dbo].[sqlwatch_logger_check] should be trusted on SQLWATCH-TEST-1" time="0.0018" asserts="0" success="True" result="Success" executed="True" />
                  <test-case description="Database SQLWATCH Foreign Key FK_logger_disk_util_database_database on table [dbo].[sqlwatch_logger_disk_utilisation_database] should be trusted on SQLWATCH-TEST-1" name="Foreign keys and check constraints not trusted.Testing Foreign Keys and Check Constraints are not trusted sqlwatch-test-1.Database SQLWATCH Foreign Key FK_logger_disk_util_database_database on table [dbo].[sqlwatch_logger_disk_utilisation_database] should be trusted on SQLWATCH-TEST-1" time="0.0019" asserts="0" success="True" result="Success" executed="True" />
                  <test-case description="Database SQLWATCH Foreign Key FK_logger_disk_util_database_snapshot on table [dbo].[sqlwatch_logger_disk_utilisation_database] should be trusted on SQLWATCH-TEST-1" name="Foreign keys and check constraints not trusted.Testing Foreign Keys and Check Constraints are not trusted sqlwatch-test-1.Database SQLWATCH Foreign Key FK_logger_disk_util_database_snapshot on table [dbo].[sqlwatch_logger_disk_utilisation_database] should be trusted on SQLWATCH-TEST-1" time="0.0037" asserts="0" success="True" result="Success" executed="True" />
                  <test-case description="Database SQLWATCH Foreign Key fk_sqlwatch_logger_disk_utilisation_table_header on table [dbo].[sqlwatch_logger_disk_utilisation_table] should be trusted on SQLWATCH-TEST-1" name="Foreign keys and check constraints not trusted.Testing Foreign Keys and Check Constraints are not trusted sqlwatch-test-1.Database SQLWATCH Foreign Key fk_sqlwatch_logger_disk_utilisation_table_header on table [dbo].[sqlwatch_logger_disk_utilisation_table] should be trusted on SQLWATCH-TEST-1" time="0.0019" asserts="0" success="True" result="Success" executed="True" />
                  <test-case description="Database SQLWATCH Foreign Key fk_sqlwatch_logger_disk_utilistation_table_meta_table on table [dbo].[sqlwatch_logger_disk_utilisation_table] should be trusted on SQLWATCH-TEST-1" name="Foreign keys and check constraints not trusted.Testing Foreign Keys and Check Constraints are not trusted sqlwatch-test-1.Database SQLWATCH Foreign Key fk_sqlwatch_logger_disk_utilistation_table_meta_table on table [dbo].[sqlwatch_logger_disk_utilisation_table] should be trusted on SQLWATCH-TEST-1" time="0.0021" asserts="0" success="True" result="Success" executed="True" />
                  <test-case description="Database SQLWATCH Foreign Key FK_disk_util_vol_snapshot_header on table [dbo].[sqlwatch_logger_disk_utilisation_volume] should be trusted on SQLWATCH-TEST-1" name="Foreign keys and check constraints not trusted.Testing Foreign Keys and Check Constraints are not trusted sqlwatch-test-1.Database SQLWATCH Foreign Key FK_disk_util_vol_snapshot_header on table [dbo].[sqlwatch_logger_disk_utilisation_volume] should be trusted on SQLWATCH-TEST-1" time="0.0018" asserts="0" success="True" result="Success" executed="True" />
                  <test-case description="Database SQLWATCH Foreign Key fk_sqlwatch_logger_disk_utilisation_volume_id on table [dbo].[sqlwatch_logger_disk_utilisation_volume] should be trusted on SQLWATCH-TEST-1" name="Foreign keys and check constraints not trusted.Testing Foreign Keys and Check Constraints are not trusted sqlwatch-test-1.Database SQLWATCH Foreign Key fk_sqlwatch_logger_disk_utilisation_volume_id on table [dbo].[sqlwatch_logger_disk_utilisation_volume] should be trusted on SQLWATCH-TEST-1" time="0.002" asserts="0" success="True" result="Success" executed="True" />
                  <test-case description="Database SQLWATCH Foreign Key fk_sqlwatch_logger_errorlog_keyword on table [dbo].[sqlwatch_logger_errorlog] should be trusted on SQLWATCH-TEST-1" name="Foreign keys and check constraints not trusted.Testing Foreign Keys and Check Constraints are not trusted sqlwatch-test-1.Database SQLWATCH Foreign Key fk_sqlwatch_logger_errorlog_keyword on table [dbo].[sqlwatch_logger_errorlog] should be trusted on SQLWATCH-TEST-1" time="0.0018" asserts="0" success="True" result="Success" executed="True" />
                  <test-case description="Database SQLWATCH Foreign Key fk_sqlwatch_logger_errorlog_snapshot on table [dbo].[sqlwatch_logger_errorlog] should be trusted on SQLWATCH-TEST-1" name="Foreign keys and check constraints not trusted.Testing Foreign Keys and Check Constraints are not trusted sqlwatch-test-1.Database SQLWATCH Foreign Key fk_sqlwatch_logger_errorlog_snapshot on table [dbo].[sqlwatch_logger_errorlog] should be trusted on SQLWATCH-TEST-1" time="0.0018" asserts="0" success="True" result="Success" executed="True" />
                  <test-case description="Database SQLWATCH Foreign Key fk_logger_index_histogram on table [dbo].[sqlwatch_logger_index_histogram] should be trusted on SQLWATCH-TEST-1" name="Foreign keys and check constraints not trusted.Testing Foreign Keys and Check Constraints are not trusted sqlwatch-test-1.Database SQLWATCH Foreign Key fk_logger_index_histogram on table [dbo].[sqlwatch_logger_index_histogram] should be trusted on SQLWATCH-TEST-1" time="0.0019" asserts="0" success="True" result="Success" executed="True" />
                  <test-case description="Database SQLWATCH Foreign Key fk_sqlwatch_logger_index_histogram_index on table [dbo].[sqlwatch_logger_index_histogram] should be trusted on SQLWATCH-TEST-1" name="Foreign keys and check constraints not trusted.Testing Foreign Keys and Check Constraints are not trusted sqlwatch-test-1.Database SQLWATCH Foreign Key fk_sqlwatch_logger_index_histogram_index on table [dbo].[sqlwatch_logger_index_histogram] should be trusted on SQLWATCH-TEST-1" time="0.0018" asserts="0" success="True" result="Success" executed="True" />
                  <test-case description="Database SQLWATCH Foreign Key fk_logger_missing_indexes_snapshot_header on table [dbo].[sqlwatch_logger_index_missing_stats] should be trusted on SQLWATCH-TEST-1" name="Foreign keys and check constraints not trusted.Testing Foreign Keys and Check Constraints are not trusted sqlwatch-test-1.Database SQLWATCH Foreign Key fk_logger_missing_indexes_snapshot_header on table [dbo].[sqlwatch_logger_index_missing_stats] should be trusted on SQLWATCH-TEST-1" time="0.0018" asserts="0" success="True" result="Success" executed="True" />
                  <test-case description="Database SQLWATCH Foreign Key fk_sqlwatch_logger_index_missing_stats_index_detail on table [dbo].[sqlwatch_logger_index_missing_stats] should be trusted on SQLWATCH-TEST-1" name="Foreign keys and check constraints not trusted.Testing Foreign Keys and Check Constraints are not trusted sqlwatch-test-1.Database SQLWATCH Foreign Key fk_sqlwatch_logger_index_missing_stats_index_detail on table [dbo].[sqlwatch_logger_index_missing_stats] should be trusted on SQLWATCH-TEST-1" time="0.0039" asserts="0" success="True" result="Success" executed="True" />
                  <test-case description="Database SQLWATCH Foreign Key fk_index_usage_stats_header on table [dbo].[sqlwatch_logger_index_usage_stats] should be trusted on SQLWATCH-TEST-1" name="Foreign keys and check constraints not trusted.Testing Foreign Keys and Check Constraints are not trusted sqlwatch-test-1.Database SQLWATCH Foreign Key fk_index_usage_stats_header on table [dbo].[sqlwatch_logger_index_usage_stats] should be trusted on SQLWATCH-TEST-1" time="0.0018" asserts="0" success="True" result="Success" executed="True" />
                  <test-case description="Database SQLWATCH Foreign Key fk_sqlwatch_logger_index_usage_stats_index on table [dbo].[sqlwatch_logger_index_usage_stats] should be trusted on SQLWATCH-TEST-1" name="Foreign keys and check constraints not trusted.Testing Foreign Keys and Check Constraints are not trusted sqlwatch-test-1.Database SQLWATCH Foreign Key fk_sqlwatch_logger_index_usage_stats_index on table [dbo].[sqlwatch_logger_index_usage_stats] should be trusted on SQLWATCH-TEST-1" time="0.0022" asserts="0" success="True" result="Success" executed="True" />
                  <test-case description="Database SQLWATCH Foreign Key fk_sql_perf_mon_file_stats_snapshot_header on table [dbo].[sqlwatch_logger_perf_file_stats] should be trusted on SQLWATCH-TEST-1" name="Foreign keys and check constraints not trusted.Testing Foreign Keys and Check Constraints are not trusted sqlwatch-test-1.Database SQLWATCH Foreign Key fk_sql_perf_mon_file_stats_snapshot_header on table [dbo].[sqlwatch_logger_perf_file_stats] should be trusted on SQLWATCH-TEST-1" time="0.0018" asserts="0" success="True" result="Success" executed="True" />
                  <test-case description="Database SQLWATCH Foreign Key fk_sqlwatch_logger_perf_file_stats_master_file on table [dbo].[sqlwatch_logger_perf_file_stats] should be trusted on SQLWATCH-TEST-1" name="Foreign keys and check constraints not trusted.Testing Foreign Keys and Check Constraints are not trusted sqlwatch-test-1.Database SQLWATCH Foreign Key fk_sqlwatch_logger_perf_file_stats_master_file on table [dbo].[sqlwatch_logger_perf_file_stats] should be trusted on SQLWATCH-TEST-1" time="0.0018" asserts="0" success="True" result="Success" executed="True" />
                  <test-case description="Database SQLWATCH Foreign Key fk_sql_perf_mon_os_memory_clerks_snapshot_header on table [dbo].[sqlwatch_logger_perf_os_memory_clerks] should be trusted on SQLWATCH-TEST-1" name="Foreign keys and check constraints not trusted.Testing Foreign Keys and Check Constraints are not trusted sqlwatch-test-1.Database SQLWATCH Foreign Key fk_sql_perf_mon_os_memory_clerks_snapshot_header on table [dbo].[sqlwatch_logger_perf_os_memory_clerks] should be trusted on SQLWATCH-TEST-1" time="0.0053" asserts="0" success="True" result="Success" executed="True" />
                  <test-case description="Database SQLWATCH Foreign Key fk_sqlwatch_logger_perf_os_memory_clerks_meta on table [dbo].[sqlwatch_logger_perf_os_memory_clerks] should be trusted on SQLWATCH-TEST-1" name="Foreign keys and check constraints not trusted.Testing Foreign Keys and Check Constraints are not trusted sqlwatch-test-1.Database SQLWATCH Foreign Key fk_sqlwatch_logger_perf_os_memory_clerks_meta on table [dbo].[sqlwatch_logger_perf_os_memory_clerks] should be trusted on SQLWATCH-TEST-1" time="0.0018" asserts="0" success="True" result="Success" executed="True" />
                  <test-case description="Database SQLWATCH Foreign Key fk_sql_perf_mon_perf_counters_snapshot_header on table [dbo].[sqlwatch_logger_perf_os_performance_counters] should be trusted on SQLWATCH-TEST-1" name="Foreign keys and check constraints not trusted.Testing Foreign Keys and Check Constraints are not trusted sqlwatch-test-1.Database SQLWATCH Foreign Key fk_sql_perf_mon_perf_counters_snapshot_header on table [dbo].[sqlwatch_logger_perf_os_performance_counters] should be trusted on SQLWATCH-TEST-1" time="0.0018" asserts="0" success="True" result="Success" executed="True" />
                  <test-case description="Database SQLWATCH Foreign Key fk_sqlwatch_logger_perf_os_performance_counters_meta on table [dbo].[sqlwatch_logger_perf_os_performance_counters] should be trusted on SQLWATCH-TEST-1" name="Foreign keys and check constraints not trusted.Testing Foreign Keys and Check Constraints are not trusted sqlwatch-test-1.Database SQLWATCH Foreign Key fk_sqlwatch_logger_perf_os_performance_counters_meta on table [dbo].[sqlwatch_logger_perf_os_performance_counters] should be trusted on SQLWATCH-TEST-1" time="0.0019" asserts="0" success="True" result="Success" executed="True" />
                  <test-case description="Database SQLWATCH Foreign Key fk_sql_perf_mon_os_process_memory_snapshot_header on table [dbo].[sqlwatch_logger_perf_os_process_memory] should be trusted on SQLWATCH-TEST-1" name="Foreign keys and check constraints not trusted.Testing Foreign Keys and Check Constraints are not trusted sqlwatch-test-1.Database SQLWATCH Foreign Key fk_sql_perf_mon_os_process_memory_snapshot_header on table [dbo].[sqlwatch_logger_perf_os_process_memory] should be trusted on SQLWATCH-TEST-1" time="0.0018" asserts="0" success="True" result="Success" executed="True" />
                  <test-case description="Database SQLWATCH Foreign Key fk_sqlwatch_logger_perf_os_process_memory_server on table [dbo].[sqlwatch_logger_perf_os_process_memory] should be trusted on SQLWATCH-TEST-1" name="Foreign keys and check constraints not trusted.Testing Foreign Keys and Check Constraints are not trusted sqlwatch-test-1.Database SQLWATCH Foreign Key fk_sqlwatch_logger_perf_os_process_memory_server on table [dbo].[sqlwatch_logger_perf_os_process_memory] should be trusted on SQLWATCH-TEST-1" time="0.0022" asserts="0" success="True" result="Success" executed="True" />
                  <test-case description="Database SQLWATCH Foreign Key fk_logger_perf_os_schedulers on table [dbo].[sqlwatch_logger_perf_os_schedulers] should be trusted on SQLWATCH-TEST-1" name="Foreign keys and check constraints not trusted.Testing Foreign Keys and Check Constraints are not trusted sqlwatch-test-1.Database SQLWATCH Foreign Key fk_logger_perf_os_schedulers on table [dbo].[sqlwatch_logger_perf_os_schedulers] should be trusted on SQLWATCH-TEST-1" time="0.0019" asserts="0" success="True" result="Success" executed="True" />
                  <test-case description="Database SQLWATCH Foreign Key fk_sqlwatch_logger_perf_os_schedulers_server on table [dbo].[sqlwatch_logger_perf_os_schedulers] should be trusted on SQLWATCH-TEST-1" name="Foreign keys and check constraints not trusted.Testing Foreign Keys and Check Constraints are not trusted sqlwatch-test-1.Database SQLWATCH Foreign Key fk_sqlwatch_logger_perf_os_schedulers_server on table [dbo].[sqlwatch_logger_perf_os_schedulers] should be trusted on SQLWATCH-TEST-1" time="0.0018" asserts="0" success="True" result="Success" executed="True" />
                  <test-case description="Database SQLWATCH Foreign Key fk_sql_perf_mon_wait_stats_snapshot_header on table [dbo].[sqlwatch_logger_perf_os_wait_stats] should be trusted on SQLWATCH-TEST-1" name="Foreign keys and check constraints not trusted.Testing Foreign Keys and Check Constraints are not trusted sqlwatch-test-1.Database SQLWATCH Foreign Key fk_sql_perf_mon_wait_stats_snapshot_header on table [dbo].[sqlwatch_logger_perf_os_wait_stats] should be trusted on SQLWATCH-TEST-1" time="0.0018" asserts="0" success="True" result="Success" executed="True" />
                  <test-case description="Database SQLWATCH Foreign Key fk_sqlwatch_logger_perf_os_wait_stats_wait_type_id on table [dbo].[sqlwatch_logger_perf_os_wait_stats] should be trusted on SQLWATCH-TEST-1" name="Foreign keys and check constraints not trusted.Testing Foreign Keys and Check Constraints are not trusted sqlwatch-test-1.Database SQLWATCH Foreign Key fk_sqlwatch_logger_perf_os_wait_stats_wait_type_id on table [dbo].[sqlwatch_logger_perf_os_wait_stats] should be trusted on SQLWATCH-TEST-1" time="0.0038" asserts="0" success="True" result="Success" executed="True" />
                  <test-case description="Database SQLWATCH Foreign Key fk_sqlwatch_logger_snapshot_header_type_id on table [dbo].[sqlwatch_logger_snapshot_header] should be trusted on SQLWATCH-TEST-1" name="Foreign keys and check constraints not trusted.Testing Foreign Keys and Check Constraints are not trusted sqlwatch-test-1.Database SQLWATCH Foreign Key fk_sqlwatch_logger_snapshot_header_type_id on table [dbo].[sqlwatch_logger_snapshot_header] should be trusted on SQLWATCH-TEST-1" time="0.002" asserts="0" success="True" result="Success" executed="True" />
                  <test-case description="Database SQLWATCH Foreign Key fk_sqlwatch_logger_system_configuration_keyword on table [dbo].[sqlwatch_logger_system_configuration] should be trusted on SQLWATCH-TEST-1" name="Foreign keys and check constraints not trusted.Testing Foreign Keys and Check Constraints are not trusted sqlwatch-test-1.Database SQLWATCH Foreign Key fk_sqlwatch_logger_system_configuration_keyword on table [dbo].[sqlwatch_logger_system_configuration] should be trusted on SQLWATCH-TEST-1" time="0.0022" asserts="0" success="True" result="Success" executed="True" />
                  <test-case description="Database SQLWATCH Foreign Key fk_sqlwatch_logger_system_configuration_snapshot on table [dbo].[sqlwatch_logger_system_configuration] should be trusted on SQLWATCH-TEST-1" name="Foreign keys and check constraints not trusted.Testing Foreign Keys and Check Constraints are not trusted sqlwatch-test-1.Database SQLWATCH Foreign Key fk_sqlwatch_logger_system_configuration_snapshot on table [dbo].[sqlwatch_logger_system_configuration] should be trusted on SQLWATCH-TEST-1" time="0.0018" asserts="0" success="True" result="Success" executed="True" />
                  <test-case description="Database SQLWATCH Foreign Key fk_sql_perf_mon_who_is_active_snapshot_header on table [dbo].[sqlwatch_logger_whoisactive] should be trusted on SQLWATCH-TEST-1" name="Foreign keys and check constraints not trusted.Testing Foreign Keys and Check Constraints are not trusted sqlwatch-test-1.Database SQLWATCH Foreign Key fk_sql_perf_mon_who_is_active_snapshot_header on table [dbo].[sqlwatch_logger_whoisactive] should be trusted on SQLWATCH-TEST-1" time="0.0019" asserts="0" success="True" result="Success" executed="True" />
                  <test-case description="Database SQLWATCH Foreign Key fk_sqlwatch_logger_whoisactive_server on table [dbo].[sqlwatch_logger_whoisactive] should be trusted on SQLWATCH-TEST-1" name="Foreign keys and check constraints not trusted.Testing Foreign Keys and Check Constraints are not trusted sqlwatch-test-1.Database SQLWATCH Foreign Key fk_sqlwatch_logger_whoisactive_server on table [dbo].[sqlwatch_logger_whoisactive] should be trusted on SQLWATCH-TEST-1" time="0.0037" asserts="0" success="True" result="Success" executed="True" />
                  <test-case description="Database SQLWATCH Foreign Key fk_logger_perf_xes_blockers on table [dbo].[sqlwatch_logger_xes_blockers] should be trusted on SQLWATCH-TEST-1" name="Foreign keys and check constraints not trusted.Testing Foreign Keys and Check Constraints are not trusted sqlwatch-test-1.Database SQLWATCH Foreign Key fk_logger_perf_xes_blockers on table [dbo].[sqlwatch_logger_xes_blockers] should be trusted on SQLWATCH-TEST-1" time="0.0024" asserts="0" success="True" result="Success" executed="True" />
                  <test-case description="Database SQLWATCH Foreign Key fk_sqlwatch_logger_xes_blockers_server on table [dbo].[sqlwatch_logger_xes_blockers] should be trusted on SQLWATCH-TEST-1" name="Foreign keys and check constraints not trusted.Testing Foreign Keys and Check Constraints are not trusted sqlwatch-test-1.Database SQLWATCH Foreign Key fk_sqlwatch_logger_xes_blockers_server on table [dbo].[sqlwatch_logger_xes_blockers] should be trusted on SQLWATCH-TEST-1" time="0.0019" asserts="0" success="True" result="Success" executed="True" />
                  <test-case description="Database SQLWATCH Foreign Key fk_logger_performance_xes_iosubsystem_snapshot_header on table [dbo].[sqlwatch_logger_xes_iosubsystem] should be trusted on SQLWATCH-TEST-1" name="Foreign keys and check constraints not trusted.Testing Foreign Keys and Check Constraints are not trusted sqlwatch-test-1.Database SQLWATCH Foreign Key fk_logger_performance_xes_iosubsystem_snapshot_header on table [dbo].[sqlwatch_logger_xes_iosubsystem] should be trusted on SQLWATCH-TEST-1" time="0.0041" asserts="0" success="True" result="Success" executed="True" />
                  <test-case description="Database SQLWATCH Foreign Key fk_sqlwatch_logger_xes_iosubsystem_server on table [dbo].[sqlwatch_logger_xes_iosubsystem] should be trusted on SQLWATCH-TEST-1" name="Foreign keys and check constraints not trusted.Testing Foreign Keys and Check Constraints are not trusted sqlwatch-test-1.Database SQLWATCH Foreign Key fk_sqlwatch_logger_xes_iosubsystem_server on table [dbo].[sqlwatch_logger_xes_iosubsystem] should be trusted on SQLWATCH-TEST-1" time="0.0018" asserts="0" success="True" result="Success" executed="True" />
                  <test-case description="Database SQLWATCH Foreign Key fk_logger_perf_xes_long_queries on table [dbo].[sqlwatch_logger_xes_long_queries] should be trusted on SQLWATCH-TEST-1" name="Foreign keys and check constraints not trusted.Testing Foreign Keys and Check Constraints are not trusted sqlwatch-test-1.Database SQLWATCH Foreign Key fk_logger_perf_xes_long_queries on table [dbo].[sqlwatch_logger_xes_long_queries] should be trusted on SQLWATCH-TEST-1" time="0.0018" asserts="0" success="True" result="Success" executed="True" />
                  <test-case description="Database SQLWATCH Foreign Key fk_sqlwatch_logger_xes_long_queries_server on table [dbo].[sqlwatch_logger_xes_long_queries] should be trusted on SQLWATCH-TEST-1" name="Foreign keys and check constraints not trusted.Testing Foreign Keys and Check Constraints are not trusted sqlwatch-test-1.Database SQLWATCH Foreign Key fk_sqlwatch_logger_xes_long_queries_server on table [dbo].[sqlwatch_logger_xes_long_queries] should be trusted on SQLWATCH-TEST-1" time="0.002" asserts="0" success="True" result="Success" executed="True" />
                  <test-case description="Database SQLWATCH Foreign Key fk_logger_xe_query_processing_snapshot_header on table [dbo].[sqlwatch_logger_xes_query_processing] should be trusted on SQLWATCH-TEST-1" name="Foreign keys and check constraints not trusted.Testing Foreign Keys and Check Constraints are not trusted sqlwatch-test-1.Database SQLWATCH Foreign Key fk_logger_xe_query_processing_snapshot_header on table [dbo].[sqlwatch_logger_xes_query_processing] should be trusted on SQLWATCH-TEST-1" time="0.0018" asserts="0" success="True" result="Success" executed="True" />
                  <test-case description="Database SQLWATCH Foreign Key fk_sqlwatch_logger_xes_query_processing_server on table [dbo].[sqlwatch_logger_xes_query_processing] should be trusted on SQLWATCH-TEST-1" name="Foreign keys and check constraints not trusted.Testing Foreign Keys and Check Constraints are not trusted sqlwatch-test-1.Database SQLWATCH Foreign Key fk_sqlwatch_logger_xes_query_processing_server on table [dbo].[sqlwatch_logger_xes_query_processing] should be trusted on SQLWATCH-TEST-1" time="0.0018" asserts="0" success="True" result="Success" executed="True" />
                  <test-case description="Database SQLWATCH Foreign Key fk_logger_xes_waits_snapshot_header on table [dbo].[sqlwatch_logger_xes_waits_stats] should be trusted on SQLWATCH-TEST-1" name="Foreign keys and check constraints not trusted.Testing Foreign Keys and Check Constraints are not trusted sqlwatch-test-1.Database SQLWATCH Foreign Key fk_logger_xes_waits_snapshot_header on table [dbo].[sqlwatch_logger_xes_waits_stats] should be trusted on SQLWATCH-TEST-1" time="0.0021" asserts="0" success="True" result="Success" executed="True" />
                  <test-case description="Database SQLWATCH Foreign Key fk_sqlwatch_logger_xes_waits_stats_server on table [dbo].[sqlwatch_logger_xes_waits_stats] should be trusted on SQLWATCH-TEST-1" name="Foreign keys and check constraints not trusted.Testing Foreign Keys and Check Constraints are not trusted sqlwatch-test-1.Database SQLWATCH Foreign Key fk_sqlwatch_logger_xes_waits_stats_server on table [dbo].[sqlwatch_logger_xes_waits_stats] should be trusted on SQLWATCH-TEST-1" time="0.0019" asserts="0" success="True" result="Success" executed="True" />
                  <test-case description="Database SQLWATCH Foreign Key fk_sqlwatch_meta_agent_job_server on table [dbo].[sqlwatch_meta_agent_job] should be trusted on SQLWATCH-TEST-1" name="Foreign keys and check constraints not trusted.Testing Foreign Keys and Check Constraints are not trusted sqlwatch-test-1.Database SQLWATCH Foreign Key fk_sqlwatch_meta_agent_job_server on table [dbo].[sqlwatch_meta_agent_job] should be trusted on SQLWATCH-TEST-1" time="0.0022" asserts="0" success="True" result="Success" executed="True" />
                  <test-case description="Database SQLWATCH Foreign Key fk_sqlwatch_meta_agent_job_id on table [dbo].[sqlwatch_meta_agent_job_step] should be trusted on SQLWATCH-TEST-1" name="Foreign keys and check constraints not trusted.Testing Foreign Keys and Check Constraints are not trusted sqlwatch-test-1.Database SQLWATCH Foreign Key fk_sqlwatch_meta_agent_job_id on table [dbo].[sqlwatch_meta_agent_job_step] should be trusted on SQLWATCH-TEST-1" time="0.0018" asserts="0" success="True" result="Success" executed="True" />
                  <test-case description="Database SQLWATCH Foreign Key fk_sqlwatch_meta_check_server on table [dbo].[sqlwatch_meta_check] should be trusted on SQLWATCH-TEST-1" name="Foreign keys and check constraints not trusted.Testing Foreign Keys and Check Constraints are not trusted sqlwatch-test-1.Database SQLWATCH Foreign Key fk_sqlwatch_meta_check_server on table [dbo].[sqlwatch_meta_check] should be trusted on SQLWATCH-TEST-1" time="0.0018" asserts="0" success="True" result="Success" executed="True" />
                  <test-case description="Database SQLWATCH Foreign Key fk_sqlwatch_meta_database_server on table [dbo].[sqlwatch_meta_database] should be trusted on SQLWATCH-TEST-1" name="Foreign keys and check constraints not trusted.Testing Foreign Keys and Check Constraints are not trusted sqlwatch-test-1.Database SQLWATCH Foreign Key fk_sqlwatch_meta_database_server on table [dbo].[sqlwatch_meta_database] should be trusted on SQLWATCH-TEST-1" time="0.0019" asserts="0" success="True" result="Success" executed="True" />
                  <test-case description="Database SQLWATCH Foreign Key fk_sqlwatch_meta_errorlog_attributes_server on table [dbo].[sqlwatch_meta_errorlog_attribute] should be trusted on SQLWATCH-TEST-1" name="Foreign keys and check constraints not trusted.Testing Foreign Keys and Check Constraints are not trusted sqlwatch-test-1.Database SQLWATCH Foreign Key fk_sqlwatch_meta_errorlog_attributes_server on table [dbo].[sqlwatch_meta_errorlog_attribute] should be trusted on SQLWATCH-TEST-1" time="0.0018" asserts="0" success="True" result="Success" executed="True" />
                  <test-case description="Database SQLWATCH Foreign Key fk_sqlwatch_meta_errorlog_keyword_server on table [dbo].[sqlwatch_meta_errorlog_keyword] should be trusted on SQLWATCH-TEST-1" name="Foreign keys and check constraints not trusted.Testing Foreign Keys and Check Constraints are not trusted sqlwatch-test-1.Database SQLWATCH Foreign Key fk_sqlwatch_meta_errorlog_keyword_server on table [dbo].[sqlwatch_meta_errorlog_keyword] should be trusted on SQLWATCH-TEST-1" time="0.002" asserts="0" success="True" result="Success" executed="True" />
                  <test-case description="Database SQLWATCH Foreign Key fk_sqlwatch_meta_errorlog_text_server on table [dbo].[sqlwatch_meta_errorlog_text] should be trusted on SQLWATCH-TEST-1" name="Foreign keys and check constraints not trusted.Testing Foreign Keys and Check Constraints are not trusted sqlwatch-test-1.Database SQLWATCH Foreign Key fk_sqlwatch_meta_errorlog_text_server on table [dbo].[sqlwatch_meta_errorlog_text] should be trusted on SQLWATCH-TEST-1" time="0.0038" asserts="0" success="True" result="Success" executed="True" />
                  <test-case description="Database SQLWATCH Foreign Key fk_sqlwatch_meta_index on table [dbo].[sqlwatch_meta_index] should be trusted on SQLWATCH-TEST-1" name="Foreign keys and check constraints not trusted.Testing Foreign Keys and Check Constraints are not trusted sqlwatch-test-1.Database SQLWATCH Foreign Key fk_sqlwatch_meta_index on table [dbo].[sqlwatch_meta_index] should be trusted on SQLWATCH-TEST-1" time="0.002" asserts="0" success="True" result="Success" executed="True" />
                  <test-case description="Database SQLWATCH Foreign Key fk_sqlwatch_meta_index_missing_table on table [dbo].[sqlwatch_meta_index_missing] should be trusted on SQLWATCH-TEST-1" name="Foreign keys and check constraints not trusted.Testing Foreign Keys and Check Constraints are not trusted sqlwatch-test-1.Database SQLWATCH Foreign Key fk_sqlwatch_meta_index_missing_table on table [dbo].[sqlwatch_meta_index_missing] should be trusted on SQLWATCH-TEST-1" time="0.0018" asserts="0" success="True" result="Success" executed="True" />
                  <test-case description="Database SQLWATCH Foreign Key FK_sql_perf_mon_master_files_db on table [dbo].[sqlwatch_meta_master_file] should be trusted on SQLWATCH-TEST-1" name="Foreign keys and check constraints not trusted.Testing Foreign Keys and Check Constraints are not trusted sqlwatch-test-1.Database SQLWATCH Foreign Key FK_sql_perf_mon_master_files_db on table [dbo].[sqlwatch_meta_master_file] should be trusted on SQLWATCH-TEST-1" time="0.0018" asserts="0" success="True" result="Success" executed="True" />
                  <test-case description="Database SQLWATCH Foreign Key fk_sqlwatch_meta_memory_clerk_server on table [dbo].[sqlwatch_meta_memory_clerk] should be trusted on SQLWATCH-TEST-1" name="Foreign keys and check constraints not trusted.Testing Foreign Keys and Check Constraints are not trusted sqlwatch-test-1.Database SQLWATCH Foreign Key fk_sqlwatch_meta_memory_clerk_server on table [dbo].[sqlwatch_meta_memory_clerk] should be trusted on SQLWATCH-TEST-1" time="0.0022" asserts="0" success="True" result="Success" executed="True" />
                  <test-case description="Database SQLWATCH Foreign Key fk_sqlwatch_meta_os_volume_server on table [dbo].[sqlwatch_meta_os_volume] should be trusted on SQLWATCH-TEST-1" name="Foreign keys and check constraints not trusted.Testing Foreign Keys and Check Constraints are not trusted sqlwatch-test-1.Database SQLWATCH Foreign Key fk_sqlwatch_meta_os_volume_server on table [dbo].[sqlwatch_meta_os_volume] should be trusted on SQLWATCH-TEST-1" time="0.0041" asserts="0" success="True" result="Success" executed="True" />
                  <test-case description="Database SQLWATCH Foreign Key fk_sqlwatch_meta_performance_counter_server on table [dbo].[sqlwatch_meta_performance_counter] should be trusted on SQLWATCH-TEST-1" name="Foreign keys and check constraints not trusted.Testing Foreign Keys and Check Constraints are not trusted sqlwatch-test-1.Database SQLWATCH Foreign Key fk_sqlwatch_meta_performance_counter_server on table [dbo].[sqlwatch_meta_performance_counter] should be trusted on SQLWATCH-TEST-1" time="0.002" asserts="0" success="True" result="Success" executed="True" />
                  <test-case description="Database SQLWATCH Foreign Key fk_sqlwatch_meta_report_server on table [dbo].[sqlwatch_meta_report] should be trusted on SQLWATCH-TEST-1" name="Foreign keys and check constraints not trusted.Testing Foreign Keys and Check Constraints are not trusted sqlwatch-test-1.Database SQLWATCH Foreign Key fk_sqlwatch_meta_report_server on table [dbo].[sqlwatch_meta_report] should be trusted on SQLWATCH-TEST-1" time="0.0021" asserts="0" success="True" result="Success" executed="True" />
                  <test-case description="Database SQLWATCH Foreign Key fk_sqlwatch_meta_config_sql_instance on table [dbo].[sqlwatch_meta_server] should be trusted on SQLWATCH-TEST-1" name="Foreign keys and check constraints not trusted.Testing Foreign Keys and Check Constraints are not trusted sqlwatch-test-1.Database SQLWATCH Foreign Key fk_sqlwatch_meta_config_sql_instance on table [dbo].[sqlwatch_meta_server] should be trusted on SQLWATCH-TEST-1" time="0.0042" asserts="0" success="True" result="Success" executed="True" />
                  <test-case description="Database SQLWATCH Foreign Key fk_sqlwatch_meta_sql_text on table [dbo].[sqlwatch_meta_sql_text] should be trusted on SQLWATCH-TEST-1" name="Foreign keys and check constraints not trusted.Testing Foreign Keys and Check Constraints are not trusted sqlwatch-test-1.Database SQLWATCH Foreign Key fk_sqlwatch_meta_sql_text on table [dbo].[sqlwatch_meta_sql_text] should be trusted on SQLWATCH-TEST-1" time="0.0024" asserts="0" success="True" result="Success" executed="True" />
                  <test-case description="Database SQLWATCH Foreign Key fk_sqlwatch_meta_system_configuration on table [dbo].[sqlwatch_meta_system_configuration] should be trusted on SQLWATCH-TEST-1" name="Foreign keys and check constraints not trusted.Testing Foreign Keys and Check Constraints are not trusted sqlwatch-test-1.Database SQLWATCH Foreign Key fk_sqlwatch_meta_system_configuration on table [dbo].[sqlwatch_meta_system_configuration] should be trusted on SQLWATCH-TEST-1" time="0.002" asserts="0" success="True" result="Success" executed="True" />
                  <test-case description="Database SQLWATCH Foreign Key fk_sqlwatch_logger_system_configuration_scd_keyword on table [dbo].[sqlwatch_meta_system_configuration_scd] should be trusted on SQLWATCH-TEST-1" name="Foreign keys and check constraints not trusted.Testing Foreign Keys and Check Constraints are not trusted sqlwatch-test-1.Database SQLWATCH Foreign Key fk_sqlwatch_logger_system_configuration_scd_keyword on table [dbo].[sqlwatch_meta_system_configuration_scd] should be trusted on SQLWATCH-TEST-1" time="0.0018" asserts="0" success="True" result="Success" executed="True" />
                  <test-case description="Database SQLWATCH Foreign Key fk_sqlwatch_meta_table_database on table [dbo].[sqlwatch_meta_table] should be trusted on SQLWATCH-TEST-1" name="Foreign keys and check constraints not trusted.Testing Foreign Keys and Check Constraints are not trusted sqlwatch-test-1.Database SQLWATCH Foreign Key fk_sqlwatch_meta_table_database on table [dbo].[sqlwatch_meta_table] should be trusted on SQLWATCH-TEST-1" time="0.002" asserts="0" success="True" result="Success" executed="True" />
                  <test-case description="Database SQLWATCH Foreign Key fk_sqlwatch_meta_wait_stats_server on table [dbo].[sqlwatch_meta_wait_stats] should be trusted on SQLWATCH-TEST-1" name="Foreign keys and check constraints not trusted.Testing Foreign Keys and Check Constraints are not trusted sqlwatch-test-1.Database SQLWATCH Foreign Key fk_sqlwatch_meta_wait_stats_server on table [dbo].[sqlwatch_meta_wait_stats] should be trusted on SQLWATCH-TEST-1" time="0.0042" asserts="0" success="True" result="Success" executed="True" />
                  <test-case description="Database SQLWATCH Foreign Key fk_sqlwatch_trend_perf_os_performance_counters_meta on table [dbo].[sqlwatch_trend_perf_os_performance_counters] should be trusted on SQLWATCH-TEST-1" name="Foreign keys and check constraints not trusted.Testing Foreign Keys and Check Constraints are not trusted sqlwatch-test-1.Database SQLWATCH Foreign Key fk_sqlwatch_trend_perf_os_performance_counters_meta on table [dbo].[sqlwatch_trend_perf_os_performance_counters] should be trusted on SQLWATCH-TEST-1" time="0.0019" asserts="0" success="True" result="Success" executed="True" />
                  <test-case description="Database SQLWATCH Check Constraint chk_sqlwatch_logger_log_message_type on table [dbo].[sqlwatch_app_log] should be trusted on SQLWATCH-TEST-1" name="Foreign keys and check constraints not trusted.Testing Foreign Keys and Check Constraints are not trusted sqlwatch-test-1.Database SQLWATCH Check Constraint chk_sqlwatch_logger_log_message_type on table [dbo].[sqlwatch_app_log] should be trusted on SQLWATCH-TEST-1" time="0.0023" asserts="0" success="True" result="Success" executed="True" />
                  <test-case description="Database SQLWATCH Check Constraint chk_sqlwatch_config_media_action on table [dbo].[sqlwatch_config_action] should be trusted on SQLWATCH-TEST-1" name="Foreign keys and check constraints not trusted.Testing Foreign Keys and Check Constraints are not trusted sqlwatch-test-1.Database SQLWATCH Check Constraint chk_sqlwatch_config_media_action on table [dbo].[sqlwatch_config_action] should be trusted on SQLWATCH-TEST-1" time="0.0018" asserts="0" success="True" result="Success" executed="True" />
                  <test-case description="Database SQLWATCH Check Constraint chk_sqlwatch_config_media_exec on table [dbo].[sqlwatch_config_action] should be trusted on SQLWATCH-TEST-1" name="Foreign keys and check constraints not trusted.Testing Foreign Keys and Check Constraints are not trusted sqlwatch-test-1.Database SQLWATCH Check Constraint chk_sqlwatch_config_media_exec on table [dbo].[sqlwatch_config_action] should be trusted on SQLWATCH-TEST-1" time="0.0018" asserts="0" success="True" result="Success" executed="True" />
                  <test-case description="Database SQLWATCH Check Constraint chk_sqlwatch_config_action_template_type on table [dbo].[sqlwatch_config_check_action_template] should be trusted on SQLWATCH-TEST-1" name="Foreign keys and check constraints not trusted.Testing Foreign Keys and Check Constraints are not trusted sqlwatch-test-1.Database SQLWATCH Check Constraint chk_sqlwatch_config_action_template_type on table [dbo].[sqlwatch_config_check_action_template] should be trusted on SQLWATCH-TEST-1" time="0.0018" asserts="0" success="True" result="Success" executed="True" />
                  <test-case description="Database SQLWATCH Check Constraint chk_sqlwatch_config_report on table [dbo].[sqlwatch_config_report] should be trusted on SQLWATCH-TEST-1" name="Foreign keys and check constraints not trusted.Testing Foreign Keys and Check Constraints are not trusted sqlwatch-test-1.Database SQLWATCH Check Constraint chk_sqlwatch_config_report on table [dbo].[sqlwatch_config_report] should be trusted on SQLWATCH-TEST-1" time="0.0018" asserts="0" success="True" result="Success" executed="True" />
                  <test-case description="Database SQLWATCH Check Constraint chk_sqlwatch_config_sql_instance_is_active on table [dbo].[sqlwatch_config_sql_instance] should be trusted on SQLWATCH-TEST-1" name="Foreign keys and check constraints not trusted.Testing Foreign Keys and Check Constraints are not trusted sqlwatch-test-1.Database SQLWATCH Check Constraint chk_sqlwatch_config_sql_instance_is_active on table [dbo].[sqlwatch_config_sql_instance] should be trusted on SQLWATCH-TEST-1" time="0.0019" asserts="0" success="True" result="Success" executed="True" />
                  <test-case description="Database SQLWATCH Check Constraint chk_sqlwatch_meta_action_queue_status on table [dbo].[sqlwatch_meta_action_queue] should be trusted on SQLWATCH-TEST-1" name="Foreign keys and check constraints not trusted.Testing Foreign Keys and Check Constraints are not trusted sqlwatch-test-1.Database SQLWATCH Check Constraint chk_sqlwatch_meta_action_queue_status on table [dbo].[sqlwatch_meta_action_queue] should be trusted on SQLWATCH-TEST-1" time="0.0018" asserts="0" success="True" result="Success" executed="True" />
                  <test-case description="Database SQLWATCH Check Constraint chk_sqlwatch_trend_perf_os_performance_counters_internval on table [dbo].[sqlwatch_trend_perf_os_performance_counters] should be trusted on SQLWATCH-TEST-1" name="Foreign keys and check constraints not trusted.Testing Foreign Keys and Check Constraints are not trusted sqlwatch-test-1.Database SQLWATCH Check Constraint chk_sqlwatch_trend_perf_os_performance_counters_internval on table [dbo].[sqlwatch_trend_perf_os_performance_counters] should be trusted on SQLWATCH-TEST-1" time="0.0017" asserts="0" success="True" result="Success" executed="True" />
                </results>
              </test-suite>
            </results>
          </test-suite>
        </results>
      </test-suite>
    </results>
  </test-suite>
</test-results>